
COMP: "/usr//bin/clang++ -m64 -c -o options.o -DSPEC -DNDEBUG -DBIG_MEMORY   -O3 -mavx      -DSPEC_OPENMP -fopenmp -Wno-return-type -DUSE_OPENMP -I /usr/lib/libomp_oss/exports/common/include  -DSPEC_LP64  <source>"
C: CXXC="/usr//bin/clang++ -m64"
C: CXXOBJOPT="-c -o options"
P: CPUFLAGS="-DSPEC -DNDEBUG"
P: BENCH_FLAGS="-DBIG_MEMORY"
P: BENCH_CXXFLAGS=""
O: OPTIMIZE=""
O: CXXOPTIMIZE="-O3 -mavx"
P: PORTABILITY=""
P: CXXPORTABILITY=""
O: EXTRA_CXXFLAGS=""
O: EXTRA_OPTIMIZE="-DSPEC_OPENMP -fopenmp -Wno-return-type -DUSE_OPENMP -I /usr/lib/libomp_oss/exports/common/include"
O: EXTRA_CXXOPTIMIZE=""
P: EXTRA_PORTABILITY="-DSPEC_LP64"
P: EXTRA_CXXPORTABILITY=""
LINK: "/usr//bin/clang++ -m64       -O3 -mavx       -DSPEC_OPENMP -fopenmp -Wno-return-type -DUSE_OPENMP -I /usr/lib/libomp_oss/exports/common/include  <objects>        -fopenmp=libomp -L/usr/lib/libomp_oss/exports/lin_32e/lib -lomp    -o options  "
C: LD="/usr//bin/clang++ -m64"
O: CXXOPTIMIZE="-O3 -mavx"
O: EXTRA_OPTIMIZE="-DSPEC_OPENMP -fopenmp -Wno-return-type -DUSE_OPENMP -I /usr/lib/libomp_oss/exports/common/include"
O: EXTRA_LIBS="-fopenmp=libomp -L/usr/lib/libomp_oss/exports/lin_32e/lib -lomp"
C: LDOUT="-o options"
