/usr//bin/clang -m64 -c -o errormsg.o -DSPEC -DNDEBUG -Ispecrand -Iregex-alpha -DNDEBUG -DNOPERFLIB -DNOREDUCE   -Ofast -mavx          -DSPEC_OPENMP -fopenmp -Wno-return-type -DUSE_OPENMP -I /usr/lib/libomp_oss/exports/common/include    -DSPEC_LP64  errormsg.c
/usr//bin/clang -m64 -c -o rand2.o -DSPEC -DNDEBUG -Ispecrand -Iregex-alpha -DNDEBUG -DNOPERFLIB -DNOREDUCE   -Ofast -mavx          -DSPEC_OPENMP -fopenmp -Wno-return-type -DUSE_OPENMP -I /usr/lib/libomp_oss/exports/common/include    -DSPEC_LP64  rand2.c
/usr//bin/clang -m64 -c -o traceback.o -DSPEC -DNDEBUG -Ispecrand -Iregex-alpha -DNDEBUG -DNOPERFLIB -DNOREDUCE   -Ofast -mavx          -DSPEC_OPENMP -fopenmp -Wno-return-type -DUSE_OPENMP -I /usr/lib/libomp_oss/exports/common/include    -DSPEC_LP64  traceback.c
traceback.c:14:19: warning: format string is not a string literal (potentially insecure) [-Wformat-security]
        fprintf( stderr, msg );
                         ^~~
traceback.c:14:19: note: treat the string as an argument to avoid this
        fprintf( stderr, msg );
                         ^
                         "%s", 
1 warning generated.
/usr//bin/clang -m64 -c -o chirvol.o -DSPEC -DNDEBUG -Ispecrand -Iregex-alpha -DNDEBUG -DNOPERFLIB -DNOREDUCE   -Ofast -mavx          -DSPEC_OPENMP -fopenmp -Wno-return-type -DUSE_OPENMP -I /usr/lib/libomp_oss/exports/common/include    -DSPEC_LP64  chirvol.c
/usr//bin/clang -m64 -c -o nabmd.o -DSPEC -DNDEBUG -Ispecrand -Iregex-alpha -DNDEBUG -DNOPERFLIB -DNOREDUCE   -Ofast -mavx          -DSPEC_OPENMP -fopenmp -Wno-return-type -DUSE_OPENMP -I /usr/lib/libomp_oss/exports/common/include    -DSPEC_LP64  nabmd.c
/usr//bin/clang -m64 -c -o binpos.o -DSPEC -DNDEBUG -Ispecrand -Iregex-alpha -DNDEBUG -DNOPERFLIB -DNOREDUCE   -Ofast -mavx          -DSPEC_OPENMP -fopenmp -Wno-return-type -DUSE_OPENMP -I /usr/lib/libomp_oss/exports/common/include    -DSPEC_LP64  binpos.c
/usr//bin/clang -m64 -c -o specrand/specrand.o -DSPEC -DNDEBUG -Ispecrand -Iregex-alpha -DNDEBUG -DNOPERFLIB -DNOREDUCE   -Ofast -mavx          -DSPEC_OPENMP -fopenmp -Wno-return-type -DUSE_OPENMP -I /usr/lib/libomp_oss/exports/common/include    -DSPEC_LP64  specrand/specrand.c
/usr//bin/clang -m64 -c -o memutil.o -DSPEC -DNDEBUG -Ispecrand -Iregex-alpha -DNDEBUG -DNOPERFLIB -DNOREDUCE   -Ofast -mavx          -DSPEC_OPENMP -fopenmp -Wno-return-type -DUSE_OPENMP -I /usr/lib/libomp_oss/exports/common/include    -DSPEC_LP64  memutil.c
/usr//bin/clang -m64 -c -o regex-alpha/regerror.o -DSPEC -DNDEBUG -Ispecrand -Iregex-alpha -DNDEBUG -DNOPERFLIB -DNOREDUCE   -Ofast -mavx          -DSPEC_OPENMP -fopenmp -Wno-return-type -DUSE_OPENMP -I /usr/lib/libomp_oss/exports/common/include    -DSPEC_LP64  regex-alpha/regerror.c
/usr//bin/clang -m64 -c -o regex-alpha/regfree.o -DSPEC -DNDEBUG -Ispecrand -Iregex-alpha -DNDEBUG -DNOPERFLIB -DNOREDUCE   -Ofast -mavx          -DSPEC_OPENMP -fopenmp -Wno-return-type -DUSE_OPENMP -I /usr/lib/libomp_oss/exports/common/include    -DSPEC_LP64  regex-alpha/regfree.c
/usr//bin/clang -m64 -c -o nblist.o -DSPEC -DNDEBUG -Ispecrand -Iregex-alpha -DNDEBUG -DNOPERFLIB -DNOREDUCE   -Ofast -mavx          -DSPEC_OPENMP -fopenmp -Wno-return-type -DUSE_OPENMP -I /usr/lib/libomp_oss/exports/common/include    -DSPEC_LP64  nblist.c
/usr//bin/clang -m64 -c -o reslib.o -DSPEC -DNDEBUG -Ispecrand -Iregex-alpha -DNDEBUG -DNOPERFLIB -DNOREDUCE   -Ofast -mavx          -DSPEC_OPENMP -fopenmp -Wno-return-type -DUSE_OPENMP -I /usr/lib/libomp_oss/exports/common/include    -DSPEC_LP64  reslib.c
/usr//bin/clang -m64 -c -o select_atoms.o -DSPEC -DNDEBUG -Ispecrand -Iregex-alpha -DNDEBUG -DNOPERFLIB -DNOREDUCE   -Ofast -mavx          -DSPEC_OPENMP -fopenmp -Wno-return-type -DUSE_OPENMP -I /usr/lib/libomp_oss/exports/common/include    -DSPEC_LP64  select_atoms.c
/usr//bin/clang -m64 -c -o molio.o -DSPEC -DNDEBUG -Ispecrand -Iregex-alpha -DNDEBUG -DNOPERFLIB -DNOREDUCE   -Ofast -mavx          -DSPEC_OPENMP -fopenmp -Wno-return-type -DUSE_OPENMP -I /usr/lib/libomp_oss/exports/common/include    -DSPEC_LP64  molio.c
/usr//bin/clang -m64 -c -o regex-alpha/regexec.o -DSPEC -DNDEBUG -Ispecrand -Iregex-alpha -DNDEBUG -DNOPERFLIB -DNOREDUCE   -Ofast -mavx          -DSPEC_OPENMP -fopenmp -Wno-return-type -DUSE_OPENMP -I /usr/lib/libomp_oss/exports/common/include    -DSPEC_LP64  regex-alpha/regexec.c
/usr//bin/clang -m64 -c -o database.o -DSPEC -DNDEBUG -Ispecrand -Iregex-alpha -DNDEBUG -DNOPERFLIB -DNOREDUCE   -Ofast -mavx          -DSPEC_OPENMP -fopenmp -Wno-return-type -DUSE_OPENMP -I /usr/lib/libomp_oss/exports/common/include    -DSPEC_LP64  database.c
/usr//bin/clang -m64 -c -o prm.o -DSPEC -DNDEBUG -Ispecrand -Iregex-alpha -DNDEBUG -DNOPERFLIB -DNOREDUCE   -Ofast -mavx          -DSPEC_OPENMP -fopenmp -Wno-return-type -DUSE_OPENMP -I /usr/lib/libomp_oss/exports/common/include    -DSPEC_LP64  prm.c
/usr//bin/clang -m64 -c -o sff.o -DSPEC -DNDEBUG -Ispecrand -Iregex-alpha -DNDEBUG -DNOPERFLIB -DNOREDUCE   -Ofast -mavx          -DSPEC_OPENMP -fopenmp -Wno-return-type -DUSE_OPENMP -I /usr/lib/libomp_oss/exports/common/include    -DSPEC_LP64  sff.c
/usr//bin/clang -m64 -c -o regex-alpha/regcomp.o -DSPEC -DNDEBUG -Ispecrand -Iregex-alpha -DNDEBUG -DNOPERFLIB -DNOREDUCE   -Ofast -mavx          -DSPEC_OPENMP -fopenmp -Wno-return-type -DUSE_OPENMP -I /usr/lib/libomp_oss/exports/common/include    -DSPEC_LP64  regex-alpha/regcomp.c
/usr//bin/clang -m64 -c -o molutil.o -DSPEC -DNDEBUG -Ispecrand -Iregex-alpha -DNDEBUG -DNOPERFLIB -DNOREDUCE   -Ofast -mavx          -DSPEC_OPENMP -fopenmp -Wno-return-type -DUSE_OPENMP -I /usr/lib/libomp_oss/exports/common/include    -DSPEC_LP64  molutil.c
/usr//bin/clang -m64       -Ofast -mavx       -DSPEC_OPENMP -fopenmp -Wno-return-type -DUSE_OPENMP -I /usr/lib/libomp_oss/exports/common/include  nabmd.o sff.o nblist.o prm.o memutil.o molio.o molutil.o errormsg.o binpos.o rand2.o select_atoms.o reslib.o database.o traceback.o chirvol.o specrand/specrand.o regex-alpha/regcomp.o regex-alpha/regerror.o regex-alpha/regexec.o regex-alpha/regfree.o             -lm     -fopenmp=libomp -L/usr/lib/libomp_oss/exports/lin_32e/lib -lomp    -o nab_s  
